<?xml version="1.0" encoding="UTF-8"?>
<!-- Generated by org.testng.reporters.JUnitReportReporter -->
<<<<<<< HEAD
<testsuite hostname="Indra" failures="0" tests="1" name="tutorialsninja.tests.Search" time="9.171" errors="0" timestamp="2025-03-21T00:04:58 IST" skipped="0">
  <testcase classname="tutorialsninja.tests.Search" name="verifySearchBySelectingSubCategory" time="9.171"/>
=======
<testsuite hostname="Indra" failures="0" tests="6" name="tutorialsninja.tests.Search" time="53.769" errors="0" timestamp="2025-03-20T01:10:23 IST" skipped="0">
  <testcase classname="tutorialsninja.tests.Search" name="verifySearchWithValidProduct" time="7.306"/>
  <system-out/>
  <testcase classname="tutorialsninja.tests.Search" name="verifySearchWithInvaliadProduct" time="5.356"/>
  <system-out/>
  <testcase classname="tutorialsninja.tests.Search" name="verifySearchWithoutEnteringAnyProduct" time="8.119"/>
  <system-out/>
  <testcase classname="tutorialsninja.tests.Search" name="verifySearchAfterrLogin" time="14.936"/>
  <system-out/>
  <testcase classname="tutorialsninja.tests.Search" name="verifySearchResultingMultipleProducts" time="11.837"/>
  <system-out/>
  <testcase classname="tutorialsninja.tests.Search" name="verifySearchFieldsPlaceholders" time="6.215"/>
>>>>>>> 633e2c99f4a3d5170abf58ed8f048888131268a0
  <system-out/>
</testsuite> <!-- tutorialsninja.tests.Search -->
