<?xml version="1.0" encoding="UTF-8"?>
<!-- Generated by org.testng.reporters.JUnitReportReporter -->
<testsuite hostname="PC-IndrajeetY" failures="0" tests="1" name="tutorialsninja.register.TC_RF_025" time="3.331" errors="0" timestamp="2025-01-24T02:17:16 IST" skipped="0">
  <testcase classname="tutorialsninja.register.TC_RF_025" name="verifyBreadcrmTitleHeadingRegisterAccount" time="3.331"/>
</testsuite> <!-- tutorialsninja.register.TC_RF_025 -->
