<?xml version="1.0" encoding="UTF-8"?>
<!-- Generated by org.testng.reporters.JUnitReportReporter -->
<testsuite hostname="Indra" failures="0" tests="1" name="tutorialsninja.tests.Search" time="9.171" errors="0" timestamp="2025-03-21T00:04:58 IST" skipped="0">
  <testcase classname="tutorialsninja.tests.Search" name="verifySearchBySelectingSubCategory" time="9.171"/>
  <system-out/>
</testsuite> <!-- tutorialsninja.tests.Search -->
