<?xml version="1.0" encoding="UTF-8"?>
<!-- Generated by org.testng.reporters.JUnitReportReporter -->
<testsuite hostname="Indra" failures="2" tests="31" name="tutorialsninja.tests.Register" time="302.935" errors="1" timestamp="2025-03-07T02:09:27 IST" skipped="20">
  <testcase classname="tutorialsninja.tests.Register" name="setup" time="41.923">
    <error message="no such element: Unable to locate element: {&quot;method&quot;:&quot;xpath&quot;,&quot;selector&quot;:&quot;//span[text()=&#039;My Account&#039;]&quot;}
  (Session info: chrome=133.0.6943.142)
For documentation on this error, please visit: https://www.selenium.dev/documentation/webdriver/troubleshooting/errors#no-such-element-exception
Build info: version: &#039;4.27.0&#039;, revision: &#039;d6e718d134&#039;
System info: os.name: &#039;Windows 11&#039;, os.arch: &#039;amd64&#039;, os.version: &#039;10.0&#039;, java.version: &#039;21.0.3&#039;
Driver info: org.openqa.selenium.chrome.ChromeDriver
Command: [73d50b5c8e4ac8a1a55fba161580ed56, findElement {value=//span[text()=&#039;My Account&#039;], using=xpath}]
Capabilities {acceptInsecureCerts: false, browserName: chrome, browserVersion: 133.0.6943.142, chrome: {chromedriverVersion: 133.0.6943.141 (2a5d6da0d61..., userDataDir: C:\Users\indra\AppData\Loca...}, fedcm:accounts: true, goog:chromeOptions: {debuggerAddress: localhost:64203}, networkConnectionEnabled: false, pageLoadStrategy: normal, platformName: windows, proxy: Proxy(), se:cdp: ws://localhost:64203/devtoo..., se:cdpVersion: 133.0.6943.142, setWindowRect: true, strictFileInteractability: false, timeouts: {implicit: 0, pageLoad: 300000, script: 30000}, unhandledPromptBehavior: dismiss and notify, webauthn:extension:credBlob: true, webauthn:extension:largeBlob: true, webauthn:extension:minPinLength: true, webauthn:extension:prf: true, webauthn:virtualAuthenticators: true}
Session ID: 73d50b5c8e4ac8a1a55fba161580ed56" type="org.openqa.selenium.NoSuchElementException">
      <![CDATA[org.openqa.selenium.NoSuchElementException: no such element: Unable to locate element: {"method":"xpath","selector":"//span[text()='My Account']"}
  (Session info: chrome=133.0.6943.142)
For documentation on this error, please visit: https://www.selenium.dev/documentation/webdriver/troubleshooting/errors#no-such-element-exception
Build info: version: '4.27.0', revision: 'd6e718d134'
System info: os.name: 'Windows 11', os.arch: 'amd64', os.version: '10.0', java.version: '21.0.3'
Driver info: org.openqa.selenium.chrome.ChromeDriver
Command: [73d50b5c8e4ac8a1a55fba161580ed56, findElement {value=//span[text()='My Account'], using=xpath}]
Capabilities {acceptInsecureCerts: false, browserName: chrome, browserVersion: 133.0.6943.142, chrome: {chromedriverVersion: 133.0.6943.141 (2a5d6da0d61..., userDataDir: C:\Users\indra\AppData\Loca...}, fedcm:accounts: true, goog:chromeOptions: {debuggerAddress: localhost:64203}, networkConnectionEnabled: false, pageLoadStrategy: normal, platformName: windows, proxy: Proxy(), se:cdp: ws://localhost:64203/devtoo..., se:cdpVersion: 133.0.6943.142, setWindowRect: true, strictFileInteractability: false, timeouts: {implicit: 0, pageLoad: 300000, script: 30000}, unhandledPromptBehavior: dismiss and notify, webauthn:extension:credBlob: true, webauthn:extension:largeBlob: true, webauthn:extension:minPinLength: true, webauthn:extension:prf: true, webauthn:virtualAuthenticators: true}
Session ID: 73d50b5c8e4ac8a1a55fba161580ed56
at java.base/jdk.internal.reflect.DirectConstructorHandleAccessor.newInstance(DirectConstructorHandleAccessor.java:62)
at java.base/java.lang.reflect.Constructor.newInstanceWithCaller(Constructor.java:502)
at java.base/java.lang.reflect.Constructor.newInstance(Constructor.java:486)
at org.openqa.selenium.remote.ErrorCodec.decode(ErrorCodec.java:167)
at org.openqa.selenium.remote.codec.w3c.W3CHttpResponseCodec.decode(W3CHttpResponseCodec.java:138)
at org.openqa.selenium.remote.codec.w3c.W3CHttpResponseCodec.decode(W3CHttpResponseCodec.java:50)
at org.openqa.selenium.remote.HttpCommandExecutor.execute(HttpCommandExecutor.java:190)
at org.openqa.selenium.remote.service.DriverCommandExecutor.invokeExecute(DriverCommandExecutor.java:216)
at org.openqa.selenium.remote.service.DriverCommandExecutor.execute(DriverCommandExecutor.java:174)
at org.openqa.selenium.remote.RemoteWebDriver.execute(RemoteWebDriver.java:545)
at org.openqa.selenium.remote.ElementLocation$ElementFinder$2.findElement(ElementLocation.java:165)
at org.openqa.selenium.remote.ElementLocation.findElement(ElementLocation.java:59)
at org.openqa.selenium.remote.RemoteWebDriver.findElement(RemoteWebDriver.java:368)
at org.openqa.selenium.remote.RemoteWebDriver.findElement(RemoteWebDriver.java:362)
at org.openqa.selenium.support.pagefactory.DefaultElementLocator.findElement(DefaultElementLocator.java:68)
at org.openqa.selenium.support.pagefactory.internal.LocatingElementHandler.invoke(LocatingElementHandler.java:38)
at jdk.proxy2/jdk.proxy2.$Proxy15.click(Unknown Source)
at Pages.LandingPage.clickOnMyAccount(LandingPage.java:32)
at tutorialsninja.tests.Register.setup(Register.java:52)
at java.base/jdk.internal.reflect.DirectMethodHandleAccessor.invoke(DirectMethodHandleAccessor.java:103)
at java.base/java.lang.reflect.Method.invoke(Method.java:580)
at org.testng.internal.MethodInvocationHelper.invokeMethod(MethodInvocationHelper.java:133)
at org.testng.internal.MethodInvocationHelper.invokeMethodConsideringTimeout(MethodInvocationHelper.java:62)
at org.testng.internal.ConfigInvoker.invokeConfigurationMethod(ConfigInvoker.java:385)
at org.testng.internal.ConfigInvoker.invokeConfigurations(ConfigInvoker.java:321)
at org.testng.internal.TestInvoker.runConfigMethods(TestInvoker.java:700)
at org.testng.internal.TestInvoker.invokeMethod(TestInvoker.java:527)
at org.testng.internal.TestInvoker.invokeTestMethod(TestInvoker.java:173)
at org.testng.internal.MethodRunner.runInSequence(MethodRunner.java:46)
at org.testng.internal.TestInvoker$MethodInvocationAgent.invoke(TestInvoker.java:824)
at org.testng.internal.TestInvoker.invokeTestMethods(TestInvoker.java:146)
at org.testng.internal.TestMethodWorker.invokeTestMethods(TestMethodWorker.java:146)
at org.testng.internal.TestMethodWorker.run(TestMethodWorker.java:128)
at java.base/java.util.ArrayList.forEach(ArrayList.java:1596)
at org.testng.TestRunner.privateRun(TestRunner.java:794)
at org.testng.TestRunner.run(TestRunner.java:596)
at org.testng.SuiteRunner.runTest(SuiteRunner.java:377)
at org.testng.SuiteRunner.runSequentially(SuiteRunner.java:371)
at org.testng.SuiteRunner.privateRun(SuiteRunner.java:332)
at org.testng.SuiteRunner.run(SuiteRunner.java:276)
at org.testng.SuiteRunnerWorker.runSuite(SuiteRunnerWorker.java:53)
at org.testng.SuiteRunnerWorker.run(SuiteRunnerWorker.java:96)
at org.testng.TestNG.runSuitesSequentially(TestNG.java:1212)
at org.testng.TestNG.runSuitesLocally(TestNG.java:1134)
at org.testng.TestNG.runSuites(TestNG.java:1063)
at org.testng.TestNG.run(TestNG.java:1031)
at org.testng.remote.AbstractRemoteTestNG.run(AbstractRemoteTestNG.java:115)
at org.testng.remote.RemoteTestNG.initAndRun(RemoteTestNG.java:293)
at org.testng.remote.RemoteTestNG.main(RemoteTestNG.java:91)
]]>
    </error>
  </testcase> <!-- setup -->
  <system-out/>
  <testcase classname="tutorialsninja.tests.Register" name="RegisterWithMandatoryFeilds" time="8.515"/>
  <system-out/>
  <testcase classname="tutorialsninja.tests.Register" name="verifyRegisterWithAllFeilds" time="25.095"/>
  <system-out/>
  <testcase classname="tutorialsninja.tests.Register" name="verifyRegisteringWithoutFillingFeilds" time="42.062"/>
  <system-out/>
  <testcase classname="tutorialsninja.tests.Register" name="verifyRegisteringAccountSayingYesToNewsLetter" time="10.354"/>
  <system-out/>
  <testcase classname="tutorialsninja.tests.Register" name="verifyRegisteringAccountSayingNoToNewsLetter" time="14.876"/>
  <system-out/>
  <testcase classname="tutorialsninja.tests.Register" name="verifyNavigatingToRegisterAccountPageWithMultipleWays" time="63.626"/>
  <system-out/>
  <testcase classname="tutorialsninja.tests.Register" name="verifyRegisteringAccountByProvidingMismatchingPasswords" time="24.973"/>
  <system-out/>
  <testcase classname="tutorialsninja.tests.Register" name="verifyRegisteringAccountByProvidingExistingEmail" time="56.795"/>
  <system-out/>
  <testcase classname="tutorialsninja.tests.Register" name="verifyRegisteringAccountUsingInvalidEmails" time="10.014">
    <failure message="expected [false] but found [true]" type="java.lang.AssertionError">
      <![CDATA[java.lang.AssertionError: expected [false] but found [true]
at org.testng.Assert.fail(Assert.java:99)
at org.testng.Assert.failNotEquals(Assert.java:1037)
at org.testng.Assert.assertFalse(Assert.java:67)
at org.testng.Assert.assertFalse(Assert.java:77)
at tutorialsninja.tests.Register.verifyRegisteringAccountUsingInvalidEmails(Register.java:260)
at java.base/jdk.internal.reflect.DirectMethodHandleAccessor.invoke(DirectMethodHandleAccessor.java:103)
at java.base/java.lang.reflect.Method.invoke(Method.java:580)
at org.testng.internal.MethodInvocationHelper.invokeMethod(MethodInvocationHelper.java:133)
at org.testng.internal.TestInvoker.invokeMethod(TestInvoker.java:598)
at org.testng.internal.TestInvoker.invokeTestMethod(TestInvoker.java:173)
at org.testng.internal.MethodRunner.runInSequence(MethodRunner.java:46)
at org.testng.internal.TestInvoker$MethodInvocationAgent.invoke(TestInvoker.java:824)
at org.testng.internal.TestInvoker.invokeTestMethods(TestInvoker.java:146)
at org.testng.internal.TestMethodWorker.invokeTestMethods(TestMethodWorker.java:146)
at org.testng.internal.TestMethodWorker.run(TestMethodWorker.java:128)
at java.base/java.util.ArrayList.forEach(ArrayList.java:1596)
at org.testng.TestRunner.privateRun(TestRunner.java:794)
at org.testng.TestRunner.run(TestRunner.java:596)
at org.testng.SuiteRunner.runTest(SuiteRunner.java:377)
at org.testng.SuiteRunner.runSequentially(SuiteRunner.java:371)
at org.testng.SuiteRunner.privateRun(SuiteRunner.java:332)
at org.testng.SuiteRunner.run(SuiteRunner.java:276)
at org.testng.SuiteRunnerWorker.runSuite(SuiteRunnerWorker.java:53)
at org.testng.SuiteRunnerWorker.run(SuiteRunnerWorker.java:96)
at org.testng.TestNG.runSuitesSequentially(TestNG.java:1212)
at org.testng.TestNG.runSuitesLocally(TestNG.java:1134)
at org.testng.TestNG.runSuites(TestNG.java:1063)
at org.testng.TestNG.run(TestNG.java:1031)
at org.testng.remote.AbstractRemoteTestNG.run(AbstractRemoteTestNG.java:115)
at org.testng.remote.RemoteTestNG.initAndRun(RemoteTestNG.java:293)
at org.testng.remote.RemoteTestNG.main(RemoteTestNG.java:91)
]]>
    </failure>
  </testcase> <!-- verifyRegisteringAccountUsingInvalidEmails -->
  <system-out/>
  <testcase classname="tutorialsninja.tests.Register" name="verifyRegisteringAccountByProvidingInvalidTelephone" time="4.702">
    <failure message="Telephone number does not appear to be valid message is missing: This is a bug." type="java.lang.AssertionError">
      <![CDATA[java.lang.AssertionError: Telephone number does not appear to be valid message is missing: This is a bug.
at org.testng.Assert.fail(Assert.java:99)
at tutorialsninja.tests.Register.verifyRegisteringAccountByProvidingInvalidTelephone(Register.java:377)
at java.base/jdk.internal.reflect.DirectMethodHandleAccessor.invoke(DirectMethodHandleAccessor.java:103)
at java.base/java.lang.reflect.Method.invoke(Method.java:580)
at org.testng.internal.MethodInvocationHelper.invokeMethod(MethodInvocationHelper.java:133)
at org.testng.internal.TestInvoker.invokeMethod(TestInvoker.java:598)
at org.testng.internal.TestInvoker.invokeTestMethod(TestInvoker.java:173)
at org.testng.internal.MethodRunner.runInSequence(MethodRunner.java:46)
at org.testng.internal.TestInvoker$MethodInvocationAgent.invoke(TestInvoker.java:824)
at org.testng.internal.TestInvoker.invokeTestMethods(TestInvoker.java:146)
at org.testng.internal.TestMethodWorker.invokeTestMethods(TestMethodWorker.java:146)
at org.testng.internal.TestMethodWorker.run(TestMethodWorker.java:128)
at java.base/java.util.ArrayList.forEach(ArrayList.java:1596)
at org.testng.TestRunner.privateRun(TestRunner.java:794)
at org.testng.TestRunner.run(TestRunner.java:596)
at org.testng.SuiteRunner.runTest(SuiteRunner.java:377)
at org.testng.SuiteRunner.runSequentially(SuiteRunner.java:371)
at org.testng.SuiteRunner.privateRun(SuiteRunner.java:332)
at org.testng.SuiteRunner.run(SuiteRunner.java:276)
at org.testng.SuiteRunnerWorker.runSuite(SuiteRunnerWorker.java:53)
at org.testng.SuiteRunnerWorker.run(SuiteRunnerWorker.java:96)
at org.testng.TestNG.runSuitesSequentially(TestNG.java:1212)
at org.testng.TestNG.runSuitesLocally(TestNG.java:1134)
at org.testng.TestNG.runSuites(TestNG.java:1063)
at org.testng.TestNG.run(TestNG.java:1031)
at org.testng.remote.AbstractRemoteTestNG.run(AbstractRemoteTestNG.java:115)
at org.testng.remote.RemoteTestNG.initAndRun(RemoteTestNG.java:293)
at org.testng.remote.RemoteTestNG.main(RemoteTestNG.java:91)
]]>
    </failure>
  </testcase> <!-- verifyRegisteringAccountByProvidingInvalidTelephone -->
  <system-out/>
  <testcase classname="tutorialsninja.tests.Register" name="verifyRegisteringAccountByProvidingEntriesUsingKeyboardActions" time="0.000">
    <skipped/>
  </testcase> <!-- verifyRegisteringAccountByProvidingEntriesUsingKeyboardActions -->
  <system-out/>
  <testcase classname="tutorialsninja.tests.Register" name="verifyPlaceholdersOfTextFieldsInRegisterAccountPage" time="0.000">
    <skipped/>
  </testcase> <!-- verifyPlaceholdersOfTextFieldsInRegisterAccountPage -->
  <system-out/>
  <testcase classname="tutorialsninja.tests.Register" name="verifyMandatoryFieldsInRegisterAccountPage" time="0.000">
    <skipped/>
  </testcase> <!-- verifyMandatoryFieldsInRegisterAccountPage -->
  <system-out/>
  <testcase classname="tutorialsninja.tests.Register" name="verifyDatabaseTestingOfRegisteringAccount" time="0.000">
    <skipped/>
  </testcase> <!-- verifyDatabaseTestingOfRegisteringAccount -->
  <system-out/>
  <testcase classname="tutorialsninja.tests.Register" name="verifyRegisteringAccountByProvidingOnlySpace" time="0.000">
    <skipped/>
  </testcase> <!-- verifyRegisteringAccountByProvidingOnlySpace -->
  <system-out/>
  <testcase classname="tutorialsninja.tests.Register" name="verifyRegisteringAccountByCheckingThePasswordStandards" time="0.000">
    <skipped/>
  </testcase> <!-- verifyRegisteringAccountByCheckingThePasswordStandards -->
  <system-out/>
  <testcase classname="tutorialsninja.tests.Register" name="verifyRegisteringAccountByCheckingThePasswordStandards" time="0.000">
    <skipped/>
  </testcase> <!-- verifyRegisteringAccountByCheckingThePasswordStandards -->
  <system-out/>
  <testcase classname="tutorialsninja.tests.Register" name="verifyRegisteringAccountByCheckingThePasswordStandards" time="0.000">
    <skipped/>
  </testcase> <!-- verifyRegisteringAccountByCheckingThePasswordStandards -->
  <system-out/>
  <testcase classname="tutorialsninja.tests.Register" name="verifyRegisteringAccountByCheckingThePasswordStandards" time="0.000">
    <skipped/>
  </testcase> <!-- verifyRegisteringAccountByCheckingThePasswordStandards -->
  <system-out/>
  <testcase classname="tutorialsninja.tests.Register" name="verifyRegisteringAccountByCheckingThePasswordStandards" time="0.000">
    <skipped/>
  </testcase> <!-- verifyRegisteringAccountByCheckingThePasswordStandards -->
  <system-out/>
  <testcase classname="tutorialsninja.tests.Register" name="verifyRegisteringAccountFielsHeightWidthAlignment" time="0.000">
    <skipped/>
  </testcase> <!-- verifyRegisteringAccountFielsHeightWidthAlignment -->
  <system-out/>
  <testcase classname="tutorialsninja.tests.Register" name="verifyHeadingAndTrailingSpacesWhileRegisteringPage" time="0.000">
    <skipped/>
  </testcase> <!-- verifyHeadingAndTrailingSpacesWhileRegisteringPage -->
  <system-out/>
  <testcase classname="tutorialsninja.tests.Register" name="verifyPrivacyPolicyFieldsOnRegisteringAccountPage" time="0.000">
    <skipped/>
  </testcase> <!-- verifyPrivacyPolicyFieldsOnRegisteringAccountPage -->
  <system-out/>
  <testcase classname="tutorialsninja.tests.Register" name="verifyRegisteringAccountWithoutPrivacyPolicySelection" time="0.000">
    <skipped/>
  </testcase> <!-- verifyRegisteringAccountWithoutPrivacyPolicySelection -->
  <system-out/>
  <testcase classname="tutorialsninja.tests.Register" name="verifyRegisteringAccountVisibilityTogglingOfPasswordFields" time="0.000">
    <skipped/>
  </testcase> <!-- verifyRegisteringAccountVisibilityTogglingOfPasswordFields -->
  <system-out/>
  <testcase classname="tutorialsninja.tests.Register" name="verifyWorkingOfEveryLinkOnRegisterAccount" time="0.000">
    <skipped/>
  </testcase> <!-- verifyWorkingOfEveryLinkOnRegisterAccount -->
  <system-out/>
  <testcase classname="tutorialsninja.tests.Register" name="verifyRegisteringAccountWithoutEnteringPasswordIntoPasswordConfirmField" time="0.000">
    <skipped/>
  </testcase> <!-- verifyRegisteringAccountWithoutEnteringPasswordIntoPasswordConfirmField -->
  <system-out/>
  <testcase classname="tutorialsninja.tests.Register" name="verifyBreadcrumbTitleHeadingRegisterAccount" time="0.000">
    <skipped/>
  </testcase> <!-- verifyBreadcrumbTitleHeadingRegisterAccount -->
  <system-out/>
  <testcase classname="tutorialsninja.tests.Register" name="verifyUIOfRegisterAccountPage" time="0.000">
    <skipped/>
  </testcase> <!-- verifyUIOfRegisterAccountPage -->
  <system-out/>
  <testcase classname="tutorialsninja.tests.Register" name="verifyRegisteringAccountInDifferentEnvironments" time="0.000">
    <skipped/>
  </testcase> <!-- verifyRegisteringAccountInDifferentEnvironments -->
  <system-out/>
</testsuite> <!-- tutorialsninja.tests.Register -->
