<?xml version="1.0" encoding="UTF-8"?>
<!-- Generated by org.testng.reporters.JUnitReportReporter -->
<testsuite hostname="PC-IndrajeetY" failures="0" tests="1" name="tutorialsninja.tests.TC_RF_023" time="19.067" errors="0" timestamp="2025-02-03T09:34:17 IST" skipped="0">
  <testcase classname="tutorialsninja.tests.TC_RF_023" name="verifyWorkingOfEveryLinkOnRegisterAccount" time="19.067"/>
</testsuite> <!-- tutorialsninja.tests.TC_RF_023 -->
