<?xml version="1.0" encoding="UTF-8"?>
<!-- Generated by org.testng.reporters.JUnitReportReporter -->
<testsuite hostname="PC-IndrajeetY" failures="0" tests="1" name="temp.TC_RF_014" time="3.948" errors="0" timestamp="2025-02-05T00:01:37 IST" skipped="0">
  <testcase classname="temp.TC_RF_014" name="verifyMandatoryFieldsInRegisterAccountPage" time="3.948"/>
</testsuite> <!-- temp.TC_RF_014 -->
