<?xml version="1.0" encoding="UTF-8"?>
<!-- Generated by org.testng.reporters.JUnitReportReporter -->
<testsuite hostname="Indra" failures="0" tests="1" name="tutorialsninja.tests.Login" time="14.123" errors="0" timestamp="2025-03-20T01:34:51 IST" skipped="0">
  <testcase classname="tutorialsninja.tests.Login" name="verifyLoginIntoApplicationAfterChangingPassword" time="14.123"/>
  <system-out/>
</testsuite> <!-- tutorialsninja.tests.Login -->
