<?xml version="1.0" encoding="UTF-8"?>
<!-- Generated by org.testng.reporters.JUnitReportReporter -->
<testsuite hostname="PC-IndrajeetY" failures="0" tests="1" name="tutorialsninja.tests.Login" time="9.872" errors="0" timestamp="2025-02-08T01:21:39 IST" skipped="0">
  <testcase classname="tutorialsninja.tests.Login" name="verifyLoginIntoApplicationAfterChangingPassword" time="9.872"/>
</testsuite> <!-- tutorialsninja.tests.Login -->
