<?xml version="1.0" encoding="UTF-8"?>
<!-- Generated by org.testng.reporters.JUnitReportReporter -->
<testsuite hostname="Indra" failures="0" tests="9" name="tutorialsninja.tests.Logout" time="169.556" errors="0" timestamp="2025-03-20T01:13:20 IST" skipped="0">
  <testcase classname="tutorialsninja.tests.Logout" name="verifyLoggingOutUsingMyAccountDropMenu" time="14.441"/>
  <system-out/>
  <testcase classname="tutorialsninja.tests.Logout" name="verifyLoggingOutUsingLogoutRightCoulmnOption" time="15.130"/>
  <system-out/>
  <testcase classname="tutorialsninja.tests.Logout" name="verifyLoggingOutAndBorrowingBack" time="18.187"/>
  <system-out/>
  <testcase classname="tutorialsninja.tests.Logout" name="verifyThereIsNoLogoutOptionBeforeLogin" time="11.933"/>
  <system-out/>
  <testcase classname="tutorialsninja.tests.Logout" name="verifyThereIsNoRightColumnLogoutOptionBeforeLogin" time="10.905"/>
  <system-out/>
  <testcase classname="tutorialsninja.tests.Logout" name="verifyLoginAfterLogout" time="9.831"/>
  <system-out/>
  <testcase classname="tutorialsninja.tests.Logout" name="verifyBreadCrumbTitleHeadingAndURLOfAccountLogoutPage" time="30.394"/>
  <system-out/>
  <testcase classname="tutorialsninja.tests.Logout" name="verifyUIOfLogoutOptionAndAccountLogoutOption" time="31.928"/>
  <system-out/>
  <testcase classname="tutorialsninja.tests.Logout" name="verifyAccountLogoutFuynctionality" time="26.807"/>
  <system-out/>
</testsuite> <!-- tutorialsninja.tests.Logout -->
