<?xml version="1.0" encoding="UTF-8"?>
<!-- Generated by org.testng.reporters.JUnitReportReporter -->
<testsuite hostname="PC-IndrajeetY" failures="0" tests="1" name="tutorialsninja.register.TC_RF_024" time="4.015" errors="0" timestamp="2025-01-24T02:17:16 IST" skipped="0">
  <testcase classname="tutorialsninja.register.TC_RF_024" name="verifyRegisteringAccountWithoutEnteringPasswordIntoPasswordConfirmField" time="4.015"/>
</testsuite> <!-- tutorialsninja.register.TC_RF_024 -->
