<?xml version="1.0" encoding="UTF-8"?>
<!-- Generated by org.testng.reporters.JUnitReportReporter -->
<testsuite hostname="PC-IndrajeetY" failures="0" tests="1" name="tutorialsninja.register.TC_RF_001" time="5.089" errors="0" timestamp="2025-01-24T12:43:27 IST" skipped="0">
  <testcase classname="tutorialsninja.register.TC_RF_001" name="RegisterWithMandatoryFeilds" time="5.089"/>
</testsuite> <!-- tutorialsninja.register.TC_RF_001 -->
