<?xml version="1.0" encoding="UTF-8"?>
<!-- Generated by org.testng.reporters.JUnitReportReporter -->
<testsuite hostname="PC-IndrajeetY" failures="0" tests="1" name="tutorialsninja.register.TC_RF_022" time="3.137" errors="0" timestamp="2025-01-24T02:17:16 IST" skipped="0">
  <testcase classname="tutorialsninja.register.TC_RF_022" name="verifyRegisteringAccountVisibilityTogglingOfPasswordFields" time="3.137"/>
</testsuite> <!-- tutorialsninja.register.TC_RF_022 -->
