<?xml version="1.0" encoding="UTF-8"?>
<!-- Generated by org.testng.reporters.JUnitReportReporter -->
<testsuite hostname="Indra" failures="0" tests="1" name="tutorialsninja.tests.Register" time="38.962" errors="0" timestamp="2025-03-11T02:00:03 IST" skipped="0">
  <testcase classname="tutorialsninja.tests.Register" name="verifyWorkingOfEveryLinkOnRegisterAccount" time="38.962"/>
  <system-out/>
</testsuite> <!-- tutorialsninja.tests.Register -->
