<?xml version="1.0" encoding="UTF-8"?>
<!-- Generated by org.testng.reporters.JUnitReportReporter -->
<testsuite hostname="PC-IndrajeetY" failures="0" tests="1" name="tutorialsninja.register.TC_RF_003" time="4.886" errors="0" timestamp="2025-01-24T11:59:19 IST" skipped="0">
  <testcase classname="tutorialsninja.register.TC_RF_003" name="verifyRegisterWithAllFeilds" time="4.886"/>
</testsuite> <!-- tutorialsninja.register.TC_RF_003 -->
