<?xml version="1.0" encoding="UTF-8"?>
<!-- Generated by org.testng.reporters.JUnitReportReporter -->
<testsuite hostname="Indra" failures="0" tests="1" name="tutorialsninja.tests.Logout" time="12.281" errors="0" timestamp="2025-03-11T23:39:24 IST" skipped="0">
  <testcase classname="tutorialsninja.tests.Logout" name="verifyAccountLogoutFuynctionality" time="12.281"/>
  <system-out/>
</testsuite> <!-- tutorialsninja.tests.Logout -->
