<?xml version="1.0" encoding="UTF-8"?>
<!-- Generated by org.testng.reporters.JUnitReportReporter -->
<testsuite hostname="Indra" failures="0" tests="1" name="tutorialsninja.tests.Search" time="4.879" errors="0" timestamp="2025-03-13T01:29:52 IST" skipped="0">
  <testcase classname="tutorialsninja.tests.Search" name="verifySearchResultingMultipleProducts" time="4.879"/>
  <system-out/>
</testsuite> <!-- tutorialsninja.tests.Search -->
