<?xml version="1.0" encoding="UTF-8"?>
<!-- Generated by org.testng.reporters.JUnitReportReporter -->
<testsuite hostname="Indra" failures="0" tests="1" name="tutorialsninja.tests.Login" time="30.479" errors="0" timestamp="2025-03-11T01:51:33 IST" skipped="0">
  <testcase classname="tutorialsninja.tests.Login" name="verifyNavigateToDifferentPagesFromLoginPage" time="30.479"/>
  <system-out/>
</testsuite> <!-- tutorialsninja.tests.Login -->
