<?xml version="1.0" encoding="UTF-8"?>
<!-- Generated by org.testng.reporters.JUnitReportReporter -->
<testsuite hostname="PC-IndrajeetY" failures="0" tests="1" name="tutorialsninja.tests.Register" time="13.848" errors="0" timestamp="2025-02-07T14:37:28 IST" skipped="0">
  <testcase classname="tutorialsninja.tests.Register" name="verifyRegisteringAccountByProvidingEntriesUsingKeyboardActions" time="13.848"/>
</testsuite> <!-- tutorialsninja.tests.Register -->
