<?xml version="1.0" encoding="UTF-8"?>
<!-- Generated by org.testng.reporters.JUnitReportReporter -->
<testsuite hostname="PC-IndrajeetY" failures="0" tests="1" name="tutorialsninja.tests.TC_RF_004" time="3.748" errors="0" timestamp="2025-01-24T18:07:18 IST" skipped="0">
  <testcase classname="tutorialsninja.tests.TC_RF_004" name="verifyRegisteringWithoutFillingFeilds" time="3.748"/>
</testsuite> <!-- tutorialsninja.tests.TC_RF_004 -->
